<?xml version="1.0" encoding="UTF-8"?>
<!-- Generated by org.testng.reporters.JUnitReportReporter -->
<testsuite hostname="LAPTOP-QLA4B8S1" failures="0" tests="1" name="practice.TC_001" time="11.988" errors="0" timestamp="2025-08-30T10:41:11 IST" skipped="0">
  <testcase classname="practice.TC_001" name="launchVTiger" time="11.988"/>
</testsuite> <!-- practice.TC_001 -->
