<?xml version="1.0" encoding="UTF-8"?>
<!-- Generated by org.testng.reporters.JUnitReportReporter -->
<testsuite hostname="LAPTOP-QLA4B8S1" failures="0" tests="1" name="testCaseRepo.TC_002" time="6.811" errors="0" timestamp="2025-09-15T11:43:32 IST" skipped="0">
  <testcase classname="testCaseRepo.TC_002" name="LE_002" time="6.811"/>
</testsuite> <!-- testCaseRepo.TC_002 -->
