<?xml version="1.0" encoding="UTF-8"?>
<!-- Generated by org.testng.reporters.JUnitReportReporter -->
<testsuite hostname="LAPTOP-QLA4B8S1" failures="0" tests="2" name="practice.TestNGPractise" time="22.087" errors="0" timestamp="2025-08-28T09:36:49 IST" skipped="1">
  <testcase classname="practice.TestNGPractise" name="createUser" time="22.087"/>
  <testcase classname="practice.TestNGPractise" name="xyz">
    <skipped/>
  </testcase> <!-- xyz -->
</testsuite> <!-- practice.TestNGPractise -->
