<?xml version="1.0" encoding="UTF-8"?>
<!-- Generated by org.testng.reporters.JUnitReportReporter -->
<testsuite hostname="LAPTOP-QLA4B8S1" failures="0" tests="1" name="testCaseRepo.TC_004" time="12.484" errors="0" timestamp="2025-09-08T10:03:39 IST" skipped="0">
  <testcase classname="testCaseRepo.TC_004" name="CON_001" time="12.484">
    <system-out>
      <![CDATA[CON_001Test method started
CON_001Test method executed successfully]]>
    </system-out>
  </testcase> <!-- CON_001 -->
  <system-out>
    <![CDATA[LE_003Test method started
LE_003Test method failed
LE_001Test method started
LE_001Test method executed successfully
CON_001Test method started
CON_001Test method executed successfully]]>
  </system-out>
</testsuite> <!-- testCaseRepo.TC_004 -->
