<?xml version="1.0" encoding="UTF-8"?>
<!-- Generated by org.testng.reporters.JUnitReportReporter -->
<testsuite hostname="LAPTOP-QLA4B8S1" failures="0" tests="1" name="testCaseRepo.TC_005" time="19.369" errors="0" timestamp="2025-09-15T11:38:56 IST" skipped="0">
  <testcase classname="testCaseRepo.TC_005" name="CON_002" time="19.369"/>
</testsuite> <!-- testCaseRepo.TC_005 -->
