<?xml version="1.0" encoding="UTF-8"?>
<!-- Generated by org.testng.reporters.JUnitReportReporter -->
<testsuite hostname="LAPTOP-QLA4B8S1" failures="0" tests="2" name="testCaseRepo.TC_001" time="15.069" errors="0" timestamp="2025-09-15T12:00:25 IST" skipped="0">
  <testcase classname="testCaseRepo.TC_001" name="LE_001" time="8.256"/>
  <testcase classname="testCaseRepo.TC_001" name="LE_001" time="6.813"/>
</testsuite> <!-- testCaseRepo.TC_001 -->
