<?xml version="1.0" encoding="UTF-8"?>
<!-- Generated by org.testng.reporters.JUnitReportReporter -->
<testsuite hostname="LAPTOP-QLA4B8S1" failures="0" tests="2" name="practice.HardAssertionPractice" time="0.015" errors="0" timestamp="2025-08-29T10:02:02 IST" skipped="0">
  <testcase classname="practice.HardAssertionPractice" name="strictLevelComparisonHardAssertion" time="0.003"/>
  <testcase classname="practice.HardAssertionPractice" name="containsLevelComparisonHardAssertion" time="0.012"/>
</testsuite> <!-- practice.HardAssertionPractice -->
