<?xml version="1.0" encoding="UTF-8"?>
<!-- Generated by org.testng.reporters.JUnitReportReporter -->
<testsuite hostname="LAPTOP-QLA4B8S1" failures="0" tests="1" name="testCaseRepo.TC_003" time="42.503" errors="0" timestamp="2025-09-17T09:44:22 IST" skipped="0">
  <testcase classname="testCaseRepo.TC_003" name="LE_003" time="42.503">
    <system-out>
      <![CDATA[LE_003Test method started
LE_003Test method executed successfully]]>
    </system-out>
  </testcase> <!-- LE_003 -->
  <system-out>
    <![CDATA[LE_003Test method started
LE_003Test method executed successfully
LE_001Test method started
LE_001Test method executed successfully
defaultsTest method started
defaultsTest method executed successfully
CON_001Test method started
CON_001Test method executed successfully]]>
  </system-out>
</testsuite> <!-- testCaseRepo.TC_003 -->
