<?xml version="1.0" encoding="UTF-8"?>
<!-- Generated by org.testng.reporters.JUnitReportReporter -->
<testsuite hostname="LAPTOP-QLA4B8S1" failures="0" tests="2" name="testCaseRepo.Test_TC_001" time="12.921" errors="0" timestamp="2025-09-17T09:44:22 IST" skipped="0">
  <testcase classname="testCaseRepo.Test_TC_001" name="LE_001" time="8.063">
    <system-out>
      <![CDATA[LE_001Test method started
LE_001Test method executed successfully]]>
    </system-out>
  </testcase> <!-- LE_001 -->
  <testcase classname="testCaseRepo.Test_TC_001" name="defaults" time="4.858">
    <system-out>
      <![CDATA[defaultsTest method started
defaultsTest method executed successfully]]>
    </system-out>
  </testcase> <!-- defaults -->
  <system-out>
    <![CDATA[LE_003Test method started
LE_003Test method executed successfully
LE_001Test method started
LE_001Test method executed successfully
defaultsTest method started
defaultsTest method executed successfully
CON_001Test method started
CON_001Test method executed successfully]]>
  </system-out>
</testsuite> <!-- testCaseRepo.Test_TC_001 -->
