<?xml version="1.0" encoding="UTF-8"?>
<!-- Generated by org.testng.reporters.JUnitReportReporter -->
<testsuite hostname="LAPTOP-QLA4B8S1" failures="0" tests="1" name="testCaseRepo.TC_002" time="8.910" errors="0" timestamp="2025-09-16T09:54:14 IST" skipped="0">
  <testcase classname="testCaseRepo.TC_002" name="LE_002" time="8.910"/>
</testsuite> <!-- testCaseRepo.TC_002 -->
